c:\users\uber_user\source\repos\bspcompiler2\bspcompiler2\bspcompiler2\release\vc143.pdb
c:\users\uber_user\source\repos\bspcompiler2\bspcompiler2\bspcompiler2\release\solidbsp.obj
c:\users\uber_user\source\repos\bspcompiler2\bspcompiler2\bspcompiler2\release\qbsp.obj
c:\users\uber_user\source\repos\bspcompiler2\bspcompiler2\bspcompiler2\release\mathlib.obj
c:\users\uber_user\source\repos\bspcompiler2\bspcompiler2\bspcompiler2\release\map.obj
c:\users\uber_user\source\repos\bspcompiler2\bspcompiler2\bspcompiler2\release\main.obj
c:\users\uber_user\source\repos\bspcompiler2\bspcompiler2\bspcompiler2\release\csg.obj
c:\users\uber_user\source\repos\bspcompiler2\bspcompiler2\bspcompiler2\release\cmdlib.obj
c:\users\uber_user\source\repos\bspcompiler2\bspcompiler2\bspcompiler2\release\bspfile.obj
c:\users\uber_user\source\repos\bspcompiler2\bspcompiler2\bspcompiler2\release\brush.obj
c:\users\uber_user\source\repos\bspcompiler2\bspcompiler2\release\bspcompiler2.exe
c:\users\uber_user\source\repos\bspcompiler2\bspcompiler2\release\bspcompiler2.pdb
c:\users\uber_user\source\repos\bspcompiler2\bspcompiler2\bspcompiler2\release\bspcompiler2.ipdb
c:\users\uber_user\source\repos\bspcompiler2\bspcompiler2\bspcompiler2\release\bspcompiler2.iobj
c:\users\uber_user\source\repos\bspcompiler2\bspcompiler2\bspcompiler2\release\bspcompiler2.tlog\cl.command.1.tlog
c:\users\uber_user\source\repos\bspcompiler2\bspcompiler2\bspcompiler2\release\bspcompiler2.tlog\cl.items.tlog
c:\users\uber_user\source\repos\bspcompiler2\bspcompiler2\bspcompiler2\release\bspcompiler2.tlog\cl.read.1.tlog
c:\users\uber_user\source\repos\bspcompiler2\bspcompiler2\bspcompiler2\release\bspcompiler2.tlog\cl.write.1.tlog
c:\users\uber_user\source\repos\bspcompiler2\bspcompiler2\bspcompiler2\release\bspcompiler2.tlog\link.command.1.tlog
c:\users\uber_user\source\repos\bspcompiler2\bspcompiler2\bspcompiler2\release\bspcompiler2.tlog\link.read.1.tlog
c:\users\uber_user\source\repos\bspcompiler2\bspcompiler2\bspcompiler2\release\bspcompiler2.tlog\link.secondary.1.tlog
c:\users\uber_user\source\repos\bspcompiler2\bspcompiler2\bspcompiler2\release\bspcompiler2.tlog\link.write.1.tlog
