c:\users\uber_user\source\repos\bspcompiler2\bspcompiler2\bspcompiler2\x64\debug\vc143.pdb
c:\users\uber_user\source\repos\bspcompiler2\bspcompiler2\bspcompiler2\x64\debug\vc143.idb
c:\users\uber_user\source\repos\bspcompiler2\bspcompiler2\bspcompiler2\x64\debug\writebsp.obj
c:\users\uber_user\source\repos\bspcompiler2\bspcompiler2\bspcompiler2\x64\debug\csg.obj
c:\users\uber_user\source\repos\bspcompiler2\bspcompiler2\bspcompiler2\x64\debug\main.obj
c:\users\uber_user\source\repos\bspcompiler2\bspcompiler2\bspcompiler2\x64\debug\solidbsp.obj
c:\users\uber_user\source\repos\bspcompiler2\bspcompiler2\bspcompiler2\x64\debug\qbsp.obj
c:\users\uber_user\source\repos\bspcompiler2\bspcompiler2\bspcompiler2\x64\debug\bspfile.obj
c:\users\uber_user\source\repos\bspcompiler2\bspcompiler2\bspcompiler2\x64\debug\cmdlib.obj
c:\users\uber_user\source\repos\bspcompiler2\bspcompiler2\bspcompiler2\x64\debug\brush.obj
c:\users\uber_user\source\repos\bspcompiler2\bspcompiler2\x64\debug\bspcompiler2.exe
c:\users\uber_user\source\repos\bspcompiler2\bspcompiler2\x64\debug\bspcompiler2.pdb
c:\users\uber_user\source\repos\bspcompiler2\bspcompiler2\bspcompiler2\x64\debug\bspcompiler2.ilk
c:\users\uber_user\source\repos\bspcompiler2\bspcompiler2\bspcompiler2\x64\debug\map.obj
c:\users\uber_user\source\repos\bspcompiler2\bspcompiler2\bspcompiler2\x64\debug\mathlib.obj
c:\users\uber_user\source\repos\bspcompiler2\bspcompiler2\bspcompiler2\x64\debug\bspcompiler2.tlog\cl.command.1.tlog
c:\users\uber_user\source\repos\bspcompiler2\bspcompiler2\bspcompiler2\x64\debug\bspcompiler2.tlog\cl.items.tlog
c:\users\uber_user\source\repos\bspcompiler2\bspcompiler2\bspcompiler2\x64\debug\bspcompiler2.tlog\cl.read.1.tlog
c:\users\uber_user\source\repos\bspcompiler2\bspcompiler2\bspcompiler2\x64\debug\bspcompiler2.tlog\cl.write.1.tlog
c:\users\uber_user\source\repos\bspcompiler2\bspcompiler2\bspcompiler2\x64\debug\bspcompiler2.tlog\link.command.1.tlog
c:\users\uber_user\source\repos\bspcompiler2\bspcompiler2\bspcompiler2\x64\debug\bspcompiler2.tlog\link.read.1.tlog
c:\users\uber_user\source\repos\bspcompiler2\bspcompiler2\bspcompiler2\x64\debug\bspcompiler2.tlog\link.secondary.1.tlog
c:\users\uber_user\source\repos\bspcompiler2\bspcompiler2\bspcompiler2\x64\debug\bspcompiler2.tlog\link.write.1.tlog
